2023-01-17 22:30:12,118 [main] INFO Maven_automation - Open e commercr URL
2023-01-17 22:30:12,305 [main] INFO Maven_automation - Enter username
2023-01-17 22:30:12,445 [main] INFO Maven_automation - Enter password
2023-01-17 22:30:12,526 [main] INFO Maven_automation - Click on loginbutton
2023-01-17 22:34:23,502 [main] INFO Maven_automation - Open e commercr URL
2023-01-17 22:34:23,685 [main] INFO Maven_automation - Enter username
2023-01-17 22:34:23,793 [main] INFO Maven_automation - Enter password
2023-01-17 22:34:23,894 [main] INFO Maven_automation - Click on loginbutton
2023-01-17 22:34:23,911 [main] INFO Maven_automation - login failed
2023-01-18 05:15:16,173 [main] INFO Maven_automation - Open e commercr URL
2023-01-18 05:15:16,287 [main] INFO Maven_automation - Enter username
2023-01-18 05:15:19,382 [main] INFO Maven_automation - Enter password
2023-01-18 05:15:22,454 [main] INFO Maven_automation - Click on loginbutton
2023-01-18 05:15:22,464 [main] INFO Maven_automation - login failed
2023-01-18 16:20:00,240 [main] INFO Maven_automation - Open e commercr URL
2023-01-18 16:20:00,571 [main] INFO Maven_automation - Enter username
2023-01-18 16:20:03,752 [main] INFO Maven_automation - Enter password
2023-01-18 16:20:06,901 [main] INFO Maven_automation - Click on loginbutton
2023-01-18 16:20:06,921 [main] INFO Maven_automation - login failed
2023-01-18 16:27:48,992 [main] INFO Maven_automation - Open e commercr URL
2023-01-18 16:27:49,119 [main] INFO Maven_automation - Enter username
2023-01-18 16:27:52,210 [main] INFO Maven_automation - Enter password
2023-01-18 16:27:55,294 [main] INFO Maven_automation - Click on loginbutton
2023-01-18 16:28:52,779 [main] INFO Maven_automation - Open e commercr URL
2023-01-18 16:28:52,900 [main] INFO Maven_automation - Enter username
2023-01-18 16:28:55,995 [main] INFO Maven_automation - Enter password
2023-01-18 16:28:59,082 [main] INFO Maven_automation - Click on loginbutton
2023-01-18 16:28:59,095 [main] INFO Maven_automation - login failed
2023-01-19 05:25:59,243 [main] INFO Maven_automation - Open e commercr URL
2023-01-19 05:25:59,445 [main] INFO Maven_automation - Enter username
2023-01-19 05:26:02,537 [main] INFO Maven_automation - Enter password
2023-01-19 05:26:05,620 [main] INFO Maven_automation - Click on loginbutton
2023-01-19 05:26:05,631 [main] INFO Maven_automation - login failed
2023-01-19 05:27:46,689 [main] INFO Maven_automation - Open e commercr URL
2023-01-19 05:27:46,889 [main] INFO Maven_automation - Enter username
2023-01-19 05:27:49,973 [main] INFO Maven_automation - Enter password
2023-01-19 05:27:53,048 [main] INFO Maven_automation - Click on loginbutton
2023-01-19 05:27:53,057 [main] INFO Maven_automation - login failed
2023-01-19 05:29:36,242 [main] INFO Maven_automation - Open e commercr URL
2023-01-19 05:29:36,424 [main] INFO Maven_automation - Enter username
2023-01-19 05:29:39,509 [main] INFO Maven_automation - Enter password
2023-01-19 05:29:42,618 [main] INFO Maven_automation - Click on loginbutton
2023-01-19 05:29:42,632 [main] INFO Maven_automation - login failed
2023-01-19 05:31:39,901 [main] INFO Maven_automation - Open e commercr URL
2023-01-19 05:31:40,033 [main] INFO Maven_automation - Enter username
2023-01-19 05:31:43,140 [main] INFO Maven_automation - Enter password
2023-01-19 05:31:46,231 [main] INFO Maven_automation - Click on loginbutton
2023-01-19 05:31:46,241 [main] INFO Maven_automation - login failed
2023-01-19 07:04:41,567 [main] INFO Maven_automation - Open e commercr URL
2023-01-19 07:04:44,692 [main] INFO Maven_automation - Enter username
2023-01-19 07:04:47,783 [main] INFO Maven_automation - Enter password
2023-01-19 07:04:50,879 [main] INFO Maven_automation - Click on loginbutton
2023-01-19 07:04:51,122 [main] INFO Maven_automation - login failed
2023-01-19 13:43:38,959 [main] INFO Maven_automation - Open e commercr URL
2023-01-19 13:43:42,083 [main] INFO Maven_automation - Enter username
2023-01-19 13:43:45,190 [main] INFO Maven_automation - Enter password
2023-01-19 13:43:48,268 [main] INFO Maven_automation - Click on loginbutton
2023-01-19 13:43:48,482 [main] INFO Maven_automation - login failed
2023-01-19 13:46:22,693 [main] INFO Maven_automation - Open e commercr URL
2023-01-19 13:46:25,795 [main] INFO Maven_automation - Enter username
2023-01-19 13:46:28,896 [main] INFO Maven_automation - Enter password
2023-01-19 13:46:31,975 [main] INFO Maven_automation - Click on loginbutton
2023-01-19 13:49:38,114 [main] INFO Maven_automation - Open e commercr URL
2023-01-19 13:49:41,263 [main] INFO Maven_automation - Enter username
2023-01-19 13:49:44,361 [main] INFO Maven_automation - Enter password
2023-01-19 13:49:47,432 [main] INFO Maven_automation - Click on loginbutton
2023-01-19 13:50:45,800 [main] INFO Maven_automation - Open e commercr URL
2023-01-19 13:50:48,910 [main] INFO Maven_automation - Enter username
2023-01-19 13:50:52,008 [main] INFO Maven_automation - Enter password
2023-01-19 13:50:55,105 [main] INFO Maven_automation - Click on loginbutton
2023-01-19 13:52:32,207 [main] INFO Maven_automation - Open e commercr URL
2023-01-19 13:52:35,320 [main] INFO Maven_automation - Enter username
2023-01-19 13:52:38,449 [main] INFO Maven_automation - Enter password
2023-01-19 13:52:41,527 [main] INFO Maven_automation - Click on loginbutton
2023-01-19 13:56:17,938 [main] INFO Maven_automation - Open e commercr URL
2023-01-19 13:56:21,072 [main] INFO Maven_automation - Enter username
2023-01-19 13:56:24,175 [main] INFO Maven_automation - Enter password
2023-01-19 13:56:27,247 [main] INFO Maven_automation - Click on loginbutton
2023-01-19 13:57:39,437 [main] INFO Maven_automation - Open e commercr URL
2023-01-19 13:57:42,564 [main] INFO Maven_automation - Enter username
2023-01-19 13:57:45,656 [main] INFO Maven_automation - Enter password
2023-01-19 13:57:48,737 [main] INFO Maven_automation - Click on loginbutton
2023-01-19 14:08:38,624 [main] INFO Maven_automation - Open e commercr URL
2023-01-19 14:08:41,745 [main] INFO Maven_automation - Enter username
2023-01-19 14:08:44,856 [main] INFO Maven_automation - Enter password
2023-01-19 14:08:47,931 [main] INFO Maven_automation - Click on loginbutton
2023-01-19 14:08:48,118 [main] INFO Maven_automation - login failed
2023-01-19 18:09:16,848 [main] INFO Maven_automation - Open e commercr URL
2023-01-19 18:09:19,981 [main] INFO Maven_automation - Enter username
2023-01-19 18:09:23,071 [main] INFO Maven_automation - Enter password
2023-01-19 18:09:26,182 [main] INFO Maven_automation - Click on loginbutton
2023-01-19 18:09:26,424 [main] INFO Maven_automation - login failed
2023-01-19 18:16:31,495 [main] INFO Maven_automation - Open e commercr URL
2023-01-19 18:16:34,663 [main] INFO Maven_automation - Enter username
2023-01-19 18:16:37,747 [main] INFO Maven_automation - Enter password
2023-01-19 18:16:41,468 [main] INFO Maven_automation - Click on loginbutton
2023-01-19 18:16:41,827 [main] INFO Maven_automation - login failed
2023-01-19 18:17:58,181 [main] INFO Maven_automation - Open e commercr URL
2023-01-19 18:18:01,345 [main] INFO Maven_automation - Enter username
2023-01-19 18:18:04,440 [main] INFO Maven_automation - Enter password
2023-01-19 18:18:08,011 [main] INFO Maven_automation - Click on loginbutton
2023-01-19 18:18:08,373 [main] INFO Maven_automation - login failed
2023-01-19 18:23:03,183 [main] INFO Maven_automation - Open e commercr URL
2023-01-19 18:23:06,364 [main] INFO Maven_automation - Enter username
2023-01-19 18:23:09,453 [main] INFO Maven_automation - Enter password
2023-01-19 18:23:14,349 [main] INFO Maven_automation - Click on loginbutton
2023-01-19 18:23:14,371 [main] INFO Maven_automation - login success
2023-01-19 18:28:44,191 [main] INFO Maven_automation - Open e commercr URL
2023-01-19 18:28:47,351 [main] INFO Maven_automation - Enter username
2023-01-19 18:28:50,449 [main] INFO Maven_automation - Enter password
2023-01-19 18:28:54,836 [main] INFO Maven_automation - Click on loginbutton
2023-01-19 18:28:55,195 [main] INFO Maven_automation - login failed
2023-01-19 18:38:45,383 [main] INFO Maven_automation - Open e commercr URL
2023-01-19 18:38:48,564 [main] INFO Maven_automation - Enter username
2023-01-19 18:38:51,669 [main] INFO Maven_automation - Enter password
2023-01-19 18:38:56,125 [main] INFO Maven_automation - Click on loginbutton
2023-01-19 18:38:56,515 [main] INFO Maven_automation - login failed
2023-01-19 18:41:16,919 [main] INFO Maven_automation - Open e commercr URL
2023-01-19 18:41:20,113 [main] INFO Maven_automation - Enter username
2023-01-19 18:41:23,215 [main] INFO Maven_automation - Enter password
2023-01-19 18:41:27,780 [main] INFO Maven_automation - Click on loginbutton
2023-01-19 18:49:12,151 [main] INFO Maven_automation - Open e commercr URL
2023-01-19 18:49:15,300 [main] INFO Maven_automation - Enter username
2023-01-19 18:49:18,401 [main] INFO Maven_automation - Enter password
2023-01-19 18:49:22,792 [main] INFO Maven_automation - Click on loginbutton
2023-01-19 18:49:25,977 [main] INFO Maven_automation - Mouseover on Computer
2023-01-19 18:49:26,885 [main] INFO Maven_automation - click on Notebook
2023-01-19 18:53:19,962 [main] INFO Maven_automation - Open e commercr URL
2023-01-19 18:53:23,134 [main] INFO Maven_automation - Enter username
2023-01-19 18:53:26,239 [main] INFO Maven_automation - Enter password
2023-01-19 18:53:31,042 [main] INFO Maven_automation - Click on loginbutton
2023-01-19 18:53:34,221 [main] INFO Maven_automation - Mouseover on Computer
2023-01-19 18:53:34,957 [main] INFO Maven_automation - click on Notebook
2023-01-19 19:02:00,563 [main] INFO Maven_automation - Open e commercr URL
2023-01-19 19:02:03,753 [main] INFO Maven_automation - Enter username
2023-01-19 19:02:06,855 [main] INFO Maven_automation - Enter password
2023-01-19 19:02:11,359 [main] INFO Maven_automation - Click on loginbutton
2023-01-19 19:02:14,554 [main] INFO Maven_automation - Mouseover on Computer
2023-01-19 19:02:16,355 [main] INFO Maven_automation - click on Notebook
2023-01-19 19:02:17,566 [main] INFO Maven_automation - Product selected
2023-01-19 19:02:17,646 [main] INFO Maven_automation - Add to cart
2023-01-19 19:02:18,134 [main] INFO Maven_automation - Verified message
2023-01-19 19:02:18,337 [main] INFO Maven_automation - Clicked on close tab
2023-01-20 06:42:24,834 [main] INFO Maven_automation - Open e commercr URL
2023-01-20 06:42:28,027 [main] INFO Maven_automation - Enter username
2023-01-20 06:42:31,109 [main] INFO Maven_automation - Enter password
2023-01-20 06:42:35,279 [main] INFO Maven_automation - Click on loginbutton
2023-01-20 06:42:38,450 [main] INFO Maven_automation - Mouseover on Computer
2023-01-20 06:42:40,128 [main] INFO Maven_automation - click on Notebook
2023-01-20 06:42:42,653 [main] INFO Maven_automation - Product selected
2023-01-20 06:42:42,898 [main] INFO Maven_automation - Add to cart
2023-01-20 06:42:43,728 [main] INFO Maven_automation - Verified message
2023-01-20 06:42:43,915 [main] INFO Maven_automation - Clicked on close tab
2023-01-20 07:25:55,000 [main] INFO Maven_automation - Open e commercr URL
2023-01-20 07:25:58,179 [main] INFO Maven_automation - Enter username
2023-01-20 07:26:01,269 [main] INFO Maven_automation - Enter password
2023-01-20 07:26:05,674 [main] INFO Maven_automation - Click on loginbutton
2023-01-20 07:26:08,840 [main] INFO Maven_automation - Mouseover on Computer
2023-01-20 07:26:10,304 [main] INFO Maven_automation - click on Notebook
2023-01-20 07:26:11,366 [main] INFO Maven_automation - Product selected
2023-01-20 07:26:11,463 [main] INFO Maven_automation - Add to cart
2023-01-20 07:26:11,935 [main] INFO Maven_automation - Verified message
2023-01-20 07:26:12,178 [main] INFO Maven_automation - Clicked on close tab
2023-01-20 07:28:13,291 [main] INFO Maven_automation - Open e commercr URL
2023-01-20 07:28:16,546 [main] INFO Maven_automation - Enter username
2023-01-20 07:28:19,650 [main] INFO Maven_automation - Enter password
2023-01-20 07:28:24,022 [main] INFO Maven_automation - Click on loginbutton
2023-01-20 07:28:27,220 [main] INFO Maven_automation - Mouseover on Computer
2023-01-20 07:28:28,375 [main] INFO Maven_automation - click on Camera
2023-01-20 07:28:30,056 [main] INFO Maven_automation - click on Nikon
2023-01-20 07:32:31,196 [main] INFO Maven_automation - Open e commercr URL
2023-01-20 07:32:34,383 [main] INFO Maven_automation - Enter username
2023-01-20 07:32:37,502 [main] INFO Maven_automation - Enter password
2023-01-20 07:32:41,866 [main] INFO Maven_automation - Click on loginbutton
2023-01-20 07:32:45,107 [main] INFO Maven_automation - Mouseover on Computer
2023-01-20 07:32:46,025 [main] INFO Maven_automation - click on Camera
2023-01-20 07:32:47,619 [main] INFO Maven_automation - click on Nikon
2023-01-20 07:32:47,715 [main] INFO Maven_automation - click on black nickon
2023-01-20 07:32:47,793 [main] INFO Maven_automation - Added to cart
2023-01-20 07:32:48,170 [main] INFO Maven_automation - success message display
2023-01-20 07:32:48,258 [main] INFO Maven_automation - click on close tab
2023-01-20 14:48:34,778 [main] INFO Maven_automation - Open e commercr URL
2023-01-20 14:48:37,946 [main] INFO Maven_automation - Enter username
2023-01-20 14:48:41,047 [main] INFO Maven_automation - Enter password
2023-01-20 14:48:45,282 [main] INFO Maven_automation - Click on loginbutton
2023-01-20 14:48:48,447 [main] INFO Maven_automation - Mouseover on Computer
2023-01-20 14:48:50,767 [main] INFO Maven_automation - click on Notebook
2023-01-20 14:48:52,350 [main] INFO Maven_automation - Product selected
2023-01-20 14:48:52,442 [main] INFO Maven_automation - Add to cart
2023-01-20 14:48:52,847 [main] INFO Maven_automation - Verified message
2023-01-20 14:48:52,918 [main] INFO Maven_automation - Clicked on close tab
2023-01-21 08:08:55,542 [main] INFO Maven_automation - Open e commercr URL
2023-01-21 08:08:58,731 [main] INFO Maven_automation - Enter username
2023-01-21 08:09:01,832 [main] INFO Maven_automation - Enter password
2023-01-21 08:09:06,123 [main] INFO Maven_automation - Click on loginbutton
2023-01-21 08:09:06,445 [main] INFO Maven_automation - login failed
2023-01-21 08:16:18,767 [main] INFO Maven_automation - Open e commercr URL
2023-01-21 08:16:21,949 [main] INFO Maven_automation - Enter username
2023-01-21 08:16:25,051 [main] INFO Maven_automation - Enter password
2023-01-21 08:16:28,640 [main] INFO Maven_automation - Click on loginbutton
2023-01-21 08:16:28,997 [main] INFO Maven_automation - login failed
2023-01-21 08:16:31,964 [main] INFO Maven_automation - Open e commercr URL
2023-01-21 08:16:35,066 [main] INFO Maven_automation - Enter username
2023-01-21 08:16:38,167 [main] INFO Maven_automation - Enter password
2023-01-21 08:16:42,626 [main] INFO Maven_automation - Click on loginbutton
2023-01-21 08:16:45,892 [main] INFO Maven_automation - Mouseover on Computer
2023-01-21 08:16:51,827 [main] INFO Maven_automation - click on Camera
2023-01-21 08:16:54,976 [main] INFO Maven_automation - click on Nikon
2023-01-21 08:16:55,140 [main] INFO Maven_automation - click on black nickon
2023-01-21 08:16:55,195 [main] INFO Maven_automation - Added to cart
2023-01-21 08:16:55,595 [main] INFO Maven_automation - success message display
2023-01-21 08:16:55,823 [main] INFO Maven_automation - click on close tab
2023-01-21 09:35:04,380 [main] INFO Maven_automation - Open e commercr URL
2023-01-21 09:35:07,509 [main] INFO Maven_automation - Enter username
2023-01-21 09:35:10,594 [main] INFO Maven_automation - Enter password
2023-01-21 09:35:14,827 [main] INFO Maven_automation - Click on loginbutton
2023-01-21 09:35:15,045 [main] INFO Maven_automation - login failed
2023-01-21 09:35:17,873 [main] INFO Maven_automation - Open e commercr URL
2023-01-21 09:35:20,978 [main] INFO Maven_automation - Enter username
2023-01-21 09:35:24,069 [main] INFO Maven_automation - Enter password
2023-01-21 09:35:28,228 [main] INFO Maven_automation - Click on loginbutton
2023-01-21 09:35:31,383 [main] INFO Maven_automation - Mouseover on Computer
2023-01-21 09:35:32,131 [main] INFO Maven_automation - click on Camera
2023-01-21 09:35:34,875 [main] INFO Maven_automation - click on Nikon
2023-01-21 09:35:34,933 [main] INFO Maven_automation - click on black nickon
2023-01-21 09:35:34,979 [main] INFO Maven_automation - Added to cart
2023-01-21 09:35:35,590 [main] INFO Maven_automation - success message display
2023-01-21 09:35:35,691 [main] INFO Maven_automation - click on close tab
2023-01-22 23:50:24,998 [main] INFO Maven_automation - user created
2023-01-22 23:56:39,680 [main] INFO Maven_automation - Open e commercr URL
2023-01-22 23:56:42,857 [main] INFO Maven_automation - Enter username
2023-01-22 23:56:45,953 [main] INFO Maven_automation - Enter password
2023-01-22 23:56:49,713 [main] INFO Maven_automation - Click on loginbutton
2023-01-22 23:56:50,027 [main] INFO Maven_automation - login failed
2023-01-22 23:56:53,389 [main] INFO Maven_automation - Open e commercr URL
2023-01-22 23:56:56,499 [main] INFO Maven_automation - Enter username
2023-01-22 23:56:59,587 [main] INFO Maven_automation - Enter password
2023-01-22 23:57:04,250 [main] INFO Maven_automation - Click on loginbutton
2023-01-22 23:57:07,447 [main] INFO Maven_automation - Mouseover on Computer
2023-01-22 23:57:09,507 [main] INFO Maven_automation - click on Camera
2023-01-22 23:57:15,501 [main] INFO Maven_automation - click on Nikon
2023-01-22 23:57:15,665 [main] INFO Maven_automation - click on black nickon
2023-01-22 23:57:15,724 [main] INFO Maven_automation - Added to cart
2023-01-22 23:57:16,451 [main] INFO Maven_automation - success message display
2023-01-22 23:57:16,671 [main] INFO Maven_automation - click on close tab
2023-01-22 23:59:53,526 [main] INFO Maven_automation - user created
2023-01-23 00:00:08,492 [main] INFO Maven_automation - Open e commercr URL
2023-01-23 00:00:11,667 [main] INFO Maven_automation - Enter username
2023-01-23 00:00:14,772 [main] INFO Maven_automation - Enter password
2023-01-23 00:00:19,093 [main] INFO Maven_automation - Click on loginbutton
2023-01-23 00:00:19,404 [main] INFO Maven_automation - login failed
2023-01-23 00:00:22,812 [main] INFO Maven_automation - Open e commercr URL
2023-01-23 00:00:25,910 [main] INFO Maven_automation - Enter username
2023-01-23 00:00:29,007 [main] INFO Maven_automation - Enter password
2023-01-23 00:00:32,649 [main] INFO Maven_automation - Click on loginbutton
2023-01-23 00:00:35,876 [main] INFO Maven_automation - Mouseover on Computer
2023-01-23 00:00:37,109 [main] INFO Maven_automation - click on Camera
2023-01-23 00:00:41,146 [main] INFO Maven_automation - click on Nikon
2023-01-23 00:00:41,282 [main] INFO Maven_automation - click on black nickon
2023-01-23 00:00:41,359 [main] INFO Maven_automation - Added to cart
2023-01-23 00:00:42,064 [main] INFO Maven_automation - success message display
2023-01-23 00:00:42,119 [main] INFO Maven_automation - click on close tab
2023-01-23 21:04:06,796 [main] INFO Maven_automation - user created
2023-01-24 06:33:21,177 [main] INFO Maven_automation - user created
2023-01-24 06:40:48,123 [main] INFO Maven_automation - Open e commercr URL
2023-01-24 06:40:51,300 [main] INFO Maven_automation - Enter username
2023-01-24 06:40:54,393 [main] INFO Maven_automation - Enter password
2023-01-24 06:40:58,566 [main] INFO Maven_automation - Click on loginbutton
2023-01-24 06:40:58,961 [main] INFO Maven_automation - login failed
2023-01-24 06:43:01,400 [main] INFO Maven_automation - user created
2023-01-24 13:31:52,245 [main] INFO Maven_automation - Open e commercr URL
2023-01-24 13:31:55,443 [main] INFO Maven_automation - Enter username
2023-01-24 13:31:58,558 [main] INFO Maven_automation - Enter password
2023-01-24 13:32:03,141 [main] INFO Maven_automation - Click on loginbutton
2023-01-24 13:32:03,480 [main] INFO Maven_automation - login failed
2023-01-24 13:32:05,545 [main] INFO Maven_automation - Open e commercr URL
2023-01-24 13:32:08,674 [main] INFO Maven_automation - Enter username
2023-01-24 13:32:11,775 [main] INFO Maven_automation - Enter password
2023-01-24 13:32:17,757 [main] INFO Maven_automation - Click on loginbutton
2023-01-24 13:32:20,909 [main] INFO Maven_automation - Mouseover on Computer
2023-01-24 13:32:22,269 [main] INFO Maven_automation - click on Camera
2023-01-24 13:32:23,975 [main] INFO Maven_automation - click on Nikon
2023-01-24 13:32:24,084 [main] INFO Maven_automation - click on black nickon
2023-01-24 13:32:24,137 [main] INFO Maven_automation - Added to cart
2023-01-24 13:32:24,552 [main] INFO Maven_automation - success message display
2023-01-24 13:32:24,737 [main] INFO Maven_automation - click on close tab
2023-01-24 13:32:30,095 [main] INFO Maven_automation - user created
