2023-01-17 22:30:12,118 - Maven_automation -INFO - Open e commercr URL
2023-01-17 22:30:12,305 - Maven_automation -INFO - Enter username
2023-01-17 22:30:12,445 - Maven_automation -INFO - Enter password
2023-01-17 22:30:12,526 - Maven_automation -INFO - Click on loginbutton
2023-01-17 22:34:23,502 - Maven_automation -INFO - Open e commercr URL
2023-01-17 22:34:23,685 - Maven_automation -INFO - Enter username
2023-01-17 22:34:23,793 - Maven_automation -INFO - Enter password
2023-01-17 22:34:23,894 - Maven_automation -INFO - Click on loginbutton
2023-01-17 22:34:23,911 - Maven_automation -INFO - login failed
2023-01-18 05:15:16,173 - Maven_automation -INFO - Open e commercr URL
2023-01-18 05:15:16,287 - Maven_automation -INFO - Enter username
2023-01-18 05:15:19,382 - Maven_automation -INFO - Enter password
2023-01-18 05:15:22,454 - Maven_automation -INFO - Click on loginbutton
2023-01-18 05:15:22,464 - Maven_automation -INFO - login failed
2023-01-18 16:20:00,240 - Maven_automation -INFO - Open e commercr URL
2023-01-18 16:20:00,571 - Maven_automation -INFO - Enter username
2023-01-18 16:20:03,752 - Maven_automation -INFO - Enter password
2023-01-18 16:20:06,901 - Maven_automation -INFO - Click on loginbutton
2023-01-18 16:20:06,921 - Maven_automation -INFO - login failed
2023-01-18 16:27:48,992 - Maven_automation -INFO - Open e commercr URL
2023-01-18 16:27:49,119 - Maven_automation -INFO - Enter username
2023-01-18 16:27:52,210 - Maven_automation -INFO - Enter password
2023-01-18 16:27:55,294 - Maven_automation -INFO - Click on loginbutton
2023-01-18 16:28:52,779 - Maven_automation -INFO - Open e commercr URL
2023-01-18 16:28:52,900 - Maven_automation -INFO - Enter username
2023-01-18 16:28:55,995 - Maven_automation -INFO - Enter password
2023-01-18 16:28:59,082 - Maven_automation -INFO - Click on loginbutton
2023-01-18 16:28:59,095 - Maven_automation -INFO - login failed
2023-01-19 05:25:59,243 - Maven_automation -INFO - Open e commercr URL
2023-01-19 05:25:59,445 - Maven_automation -INFO - Enter username
2023-01-19 05:26:02,537 - Maven_automation -INFO - Enter password
2023-01-19 05:26:05,620 - Maven_automation -INFO - Click on loginbutton
2023-01-19 05:26:05,631 - Maven_automation -INFO - login failed
2023-01-19 05:27:46,689 - Maven_automation -INFO - Open e commercr URL
2023-01-19 05:27:46,889 - Maven_automation -INFO - Enter username
2023-01-19 05:27:49,973 - Maven_automation -INFO - Enter password
2023-01-19 05:27:53,048 - Maven_automation -INFO - Click on loginbutton
2023-01-19 05:27:53,057 - Maven_automation -INFO - login failed
2023-01-19 05:29:36,242 - Maven_automation -INFO - Open e commercr URL
2023-01-19 05:29:36,424 - Maven_automation -INFO - Enter username
2023-01-19 05:29:39,509 - Maven_automation -INFO - Enter password
2023-01-19 05:29:42,618 - Maven_automation -INFO - Click on loginbutton
2023-01-19 05:29:42,632 - Maven_automation -INFO - login failed
2023-01-19 05:31:39,901 - Maven_automation -INFO - Open e commercr URL
2023-01-19 05:31:40,033 - Maven_automation -INFO - Enter username
2023-01-19 05:31:43,140 - Maven_automation -INFO - Enter password
2023-01-19 05:31:46,231 - Maven_automation -INFO - Click on loginbutton
2023-01-19 05:31:46,241 - Maven_automation -INFO - login failed
2023-01-19 07:04:41,567 - Maven_automation -INFO - Open e commercr URL
2023-01-19 07:04:44,692 - Maven_automation -INFO - Enter username
2023-01-19 07:04:47,783 - Maven_automation -INFO - Enter password
2023-01-19 07:04:50,879 - Maven_automation -INFO - Click on loginbutton
2023-01-19 07:04:51,122 - Maven_automation -INFO - login failed
2023-01-19 13:43:38,959 - Maven_automation -INFO - Open e commercr URL
2023-01-19 13:43:42,083 - Maven_automation -INFO - Enter username
2023-01-19 13:43:45,190 - Maven_automation -INFO - Enter password
2023-01-19 13:43:48,268 - Maven_automation -INFO - Click on loginbutton
2023-01-19 13:43:48,482 - Maven_automation -INFO - login failed
2023-01-19 13:46:22,693 - Maven_automation -INFO - Open e commercr URL
2023-01-19 13:46:25,795 - Maven_automation -INFO - Enter username
2023-01-19 13:46:28,896 - Maven_automation -INFO - Enter password
2023-01-19 13:46:31,975 - Maven_automation -INFO - Click on loginbutton
2023-01-19 13:49:38,114 - Maven_automation -INFO - Open e commercr URL
2023-01-19 13:49:41,263 - Maven_automation -INFO - Enter username
2023-01-19 13:49:44,361 - Maven_automation -INFO - Enter password
2023-01-19 13:49:47,432 - Maven_automation -INFO - Click on loginbutton
2023-01-19 13:50:45,800 - Maven_automation -INFO - Open e commercr URL
2023-01-19 13:50:48,910 - Maven_automation -INFO - Enter username
2023-01-19 13:50:52,008 - Maven_automation -INFO - Enter password
2023-01-19 13:50:55,105 - Maven_automation -INFO - Click on loginbutton
2023-01-19 13:52:32,207 - Maven_automation -INFO - Open e commercr URL
2023-01-19 13:52:35,320 - Maven_automation -INFO - Enter username
2023-01-19 13:52:38,449 - Maven_automation -INFO - Enter password
2023-01-19 13:52:41,527 - Maven_automation -INFO - Click on loginbutton
2023-01-19 13:56:17,938 - Maven_automation -INFO - Open e commercr URL
2023-01-19 13:56:21,072 - Maven_automation -INFO - Enter username
2023-01-19 13:56:24,175 - Maven_automation -INFO - Enter password
2023-01-19 13:56:27,247 - Maven_automation -INFO - Click on loginbutton
2023-01-19 13:57:39,437 - Maven_automation -INFO - Open e commercr URL
2023-01-19 13:57:42,564 - Maven_automation -INFO - Enter username
2023-01-19 13:57:45,656 - Maven_automation -INFO - Enter password
2023-01-19 13:57:48,737 - Maven_automation -INFO - Click on loginbutton
2023-01-19 14:08:38,624 - Maven_automation -INFO - Open e commercr URL
2023-01-19 14:08:41,745 - Maven_automation -INFO - Enter username
2023-01-19 14:08:44,856 - Maven_automation -INFO - Enter password
2023-01-19 14:08:47,931 - Maven_automation -INFO - Click on loginbutton
2023-01-19 14:08:48,118 - Maven_automation -INFO - login failed
2023-01-19 18:09:16,848 - Maven_automation -INFO - Open e commercr URL
2023-01-19 18:09:19,981 - Maven_automation -INFO - Enter username
2023-01-19 18:09:23,071 - Maven_automation -INFO - Enter password
2023-01-19 18:09:26,182 - Maven_automation -INFO - Click on loginbutton
2023-01-19 18:09:26,424 - Maven_automation -INFO - login failed
2023-01-19 18:16:31,495 - Maven_automation -INFO - Open e commercr URL
2023-01-19 18:16:34,663 - Maven_automation -INFO - Enter username
2023-01-19 18:16:37,747 - Maven_automation -INFO - Enter password
2023-01-19 18:16:41,468 - Maven_automation -INFO - Click on loginbutton
2023-01-19 18:16:41,827 - Maven_automation -INFO - login failed
2023-01-19 18:17:58,181 - Maven_automation -INFO - Open e commercr URL
2023-01-19 18:18:01,345 - Maven_automation -INFO - Enter username
2023-01-19 18:18:04,440 - Maven_automation -INFO - Enter password
2023-01-19 18:18:08,011 - Maven_automation -INFO - Click on loginbutton
2023-01-19 18:18:08,373 - Maven_automation -INFO - login failed
2023-01-19 18:23:03,183 - Maven_automation -INFO - Open e commercr URL
2023-01-19 18:23:06,364 - Maven_automation -INFO - Enter username
2023-01-19 18:23:09,453 - Maven_automation -INFO - Enter password
2023-01-19 18:23:14,349 - Maven_automation -INFO - Click on loginbutton
2023-01-19 18:23:14,371 - Maven_automation -INFO - login success
2023-01-19 18:28:44,191 - Maven_automation -INFO - Open e commercr URL
2023-01-19 18:28:47,351 - Maven_automation -INFO - Enter username
2023-01-19 18:28:50,449 - Maven_automation -INFO - Enter password
2023-01-19 18:28:54,836 - Maven_automation -INFO - Click on loginbutton
2023-01-19 18:28:55,195 - Maven_automation -INFO - login failed
2023-01-19 18:38:45,383 - Maven_automation -INFO - Open e commercr URL
2023-01-19 18:38:48,564 - Maven_automation -INFO - Enter username
2023-01-19 18:38:51,669 - Maven_automation -INFO - Enter password
2023-01-19 18:38:56,125 - Maven_automation -INFO - Click on loginbutton
2023-01-19 18:38:56,515 - Maven_automation -INFO - login failed
2023-01-19 18:41:16,919 - Maven_automation -INFO - Open e commercr URL
2023-01-19 18:41:20,113 - Maven_automation -INFO - Enter username
2023-01-19 18:41:23,215 - Maven_automation -INFO - Enter password
2023-01-19 18:41:27,780 - Maven_automation -INFO - Click on loginbutton
2023-01-19 18:49:12,151 - Maven_automation -INFO - Open e commercr URL
2023-01-19 18:49:15,300 - Maven_automation -INFO - Enter username
2023-01-19 18:49:18,401 - Maven_automation -INFO - Enter password
2023-01-19 18:49:22,792 - Maven_automation -INFO - Click on loginbutton
2023-01-19 18:49:25,977 - Maven_automation -INFO - Mouseover on Computer
2023-01-19 18:49:26,885 - Maven_automation -INFO - click on Notebook
2023-01-19 18:53:19,962 - Maven_automation -INFO - Open e commercr URL
2023-01-19 18:53:23,134 - Maven_automation -INFO - Enter username
2023-01-19 18:53:26,239 - Maven_automation -INFO - Enter password
2023-01-19 18:53:31,042 - Maven_automation -INFO - Click on loginbutton
2023-01-19 18:53:34,221 - Maven_automation -INFO - Mouseover on Computer
2023-01-19 18:53:34,957 - Maven_automation -INFO - click on Notebook
2023-01-19 19:02:00,563 - Maven_automation -INFO - Open e commercr URL
2023-01-19 19:02:03,753 - Maven_automation -INFO - Enter username
2023-01-19 19:02:06,855 - Maven_automation -INFO - Enter password
2023-01-19 19:02:11,359 - Maven_automation -INFO - Click on loginbutton
2023-01-19 19:02:14,554 - Maven_automation -INFO - Mouseover on Computer
2023-01-19 19:02:16,355 - Maven_automation -INFO - click on Notebook
2023-01-19 19:02:17,566 - Maven_automation -INFO - Product selected
2023-01-19 19:02:17,646 - Maven_automation -INFO - Add to cart
2023-01-19 19:02:18,134 - Maven_automation -INFO - Verified message
2023-01-19 19:02:18,337 - Maven_automation -INFO - Clicked on close tab
2023-01-20 06:42:24,834 - Maven_automation -INFO - Open e commercr URL
2023-01-20 06:42:28,027 - Maven_automation -INFO - Enter username
2023-01-20 06:42:31,109 - Maven_automation -INFO - Enter password
2023-01-20 06:42:35,279 - Maven_automation -INFO - Click on loginbutton
2023-01-20 06:42:38,450 - Maven_automation -INFO - Mouseover on Computer
2023-01-20 06:42:40,128 - Maven_automation -INFO - click on Notebook
2023-01-20 06:42:42,653 - Maven_automation -INFO - Product selected
2023-01-20 06:42:42,898 - Maven_automation -INFO - Add to cart
2023-01-20 06:42:43,728 - Maven_automation -INFO - Verified message
2023-01-20 06:42:43,915 - Maven_automation -INFO - Clicked on close tab
2023-01-20 07:25:55,000 - Maven_automation -INFO - Open e commercr URL
2023-01-20 07:25:58,179 - Maven_automation -INFO - Enter username
2023-01-20 07:26:01,269 - Maven_automation -INFO - Enter password
2023-01-20 07:26:05,674 - Maven_automation -INFO - Click on loginbutton
2023-01-20 07:26:08,840 - Maven_automation -INFO - Mouseover on Computer
2023-01-20 07:26:10,304 - Maven_automation -INFO - click on Notebook
2023-01-20 07:26:11,366 - Maven_automation -INFO - Product selected
2023-01-20 07:26:11,463 - Maven_automation -INFO - Add to cart
2023-01-20 07:26:11,935 - Maven_automation -INFO - Verified message
2023-01-20 07:26:12,178 - Maven_automation -INFO - Clicked on close tab
2023-01-20 07:28:13,291 - Maven_automation -INFO - Open e commercr URL
2023-01-20 07:28:16,546 - Maven_automation -INFO - Enter username
2023-01-20 07:28:19,650 - Maven_automation -INFO - Enter password
2023-01-20 07:28:24,022 - Maven_automation -INFO - Click on loginbutton
2023-01-20 07:28:27,220 - Maven_automation -INFO - Mouseover on Computer
2023-01-20 07:28:28,375 - Maven_automation -INFO - click on Camera
2023-01-20 07:28:30,056 - Maven_automation -INFO - click on Nikon
2023-01-20 07:32:31,196 - Maven_automation -INFO - Open e commercr URL
2023-01-20 07:32:34,383 - Maven_automation -INFO - Enter username
2023-01-20 07:32:37,502 - Maven_automation -INFO - Enter password
2023-01-20 07:32:41,866 - Maven_automation -INFO - Click on loginbutton
2023-01-20 07:32:45,107 - Maven_automation -INFO - Mouseover on Computer
2023-01-20 07:32:46,025 - Maven_automation -INFO - click on Camera
2023-01-20 07:32:47,619 - Maven_automation -INFO - click on Nikon
2023-01-20 07:32:47,715 - Maven_automation -INFO - click on black nickon
2023-01-20 07:32:47,793 - Maven_automation -INFO - Added to cart
2023-01-20 07:32:48,170 - Maven_automation -INFO - success message display
2023-01-20 07:32:48,258 - Maven_automation -INFO - click on close tab
2023-01-20 14:48:34,778 - Maven_automation -INFO - Open e commercr URL
2023-01-20 14:48:37,946 - Maven_automation -INFO - Enter username
2023-01-20 14:48:41,047 - Maven_automation -INFO - Enter password
2023-01-20 14:48:45,282 - Maven_automation -INFO - Click on loginbutton
2023-01-20 14:48:48,447 - Maven_automation -INFO - Mouseover on Computer
2023-01-20 14:48:50,767 - Maven_automation -INFO - click on Notebook
2023-01-20 14:48:52,350 - Maven_automation -INFO - Product selected
2023-01-20 14:48:52,442 - Maven_automation -INFO - Add to cart
2023-01-20 14:48:52,847 - Maven_automation -INFO - Verified message
2023-01-20 14:48:52,918 - Maven_automation -INFO - Clicked on close tab
2023-01-21 08:08:55,542 - Maven_automation -INFO - Open e commercr URL
2023-01-21 08:08:58,731 - Maven_automation -INFO - Enter username
2023-01-21 08:09:01,832 - Maven_automation -INFO - Enter password
2023-01-21 08:09:06,123 - Maven_automation -INFO - Click on loginbutton
2023-01-21 08:09:06,445 - Maven_automation -INFO - login failed
2023-01-21 08:16:18,767 - Maven_automation -INFO - Open e commercr URL
2023-01-21 08:16:21,949 - Maven_automation -INFO - Enter username
2023-01-21 08:16:25,051 - Maven_automation -INFO - Enter password
2023-01-21 08:16:28,640 - Maven_automation -INFO - Click on loginbutton
2023-01-21 08:16:28,997 - Maven_automation -INFO - login failed
2023-01-21 08:16:31,964 - Maven_automation -INFO - Open e commercr URL
2023-01-21 08:16:35,066 - Maven_automation -INFO - Enter username
2023-01-21 08:16:38,167 - Maven_automation -INFO - Enter password
2023-01-21 08:16:42,626 - Maven_automation -INFO - Click on loginbutton
2023-01-21 08:16:45,892 - Maven_automation -INFO - Mouseover on Computer
2023-01-21 08:16:51,827 - Maven_automation -INFO - click on Camera
2023-01-21 08:16:54,976 - Maven_automation -INFO - click on Nikon
2023-01-21 08:16:55,140 - Maven_automation -INFO - click on black nickon
2023-01-21 08:16:55,195 - Maven_automation -INFO - Added to cart
2023-01-21 08:16:55,595 - Maven_automation -INFO - success message display
2023-01-21 08:16:55,823 - Maven_automation -INFO - click on close tab
2023-01-21 09:35:04,380 - Maven_automation -INFO - Open e commercr URL
2023-01-21 09:35:07,509 - Maven_automation -INFO - Enter username
2023-01-21 09:35:10,594 - Maven_automation -INFO - Enter password
2023-01-21 09:35:14,827 - Maven_automation -INFO - Click on loginbutton
2023-01-21 09:35:15,045 - Maven_automation -INFO - login failed
2023-01-21 09:35:17,873 - Maven_automation -INFO - Open e commercr URL
2023-01-21 09:35:20,978 - Maven_automation -INFO - Enter username
2023-01-21 09:35:24,069 - Maven_automation -INFO - Enter password
2023-01-21 09:35:28,228 - Maven_automation -INFO - Click on loginbutton
2023-01-21 09:35:31,383 - Maven_automation -INFO - Mouseover on Computer
2023-01-21 09:35:32,131 - Maven_automation -INFO - click on Camera
2023-01-21 09:35:34,875 - Maven_automation -INFO - click on Nikon
2023-01-21 09:35:34,933 - Maven_automation -INFO - click on black nickon
2023-01-21 09:35:34,979 - Maven_automation -INFO - Added to cart
2023-01-21 09:35:35,590 - Maven_automation -INFO - success message display
2023-01-21 09:35:35,691 - Maven_automation -INFO - click on close tab
2023-01-22 23:50:24,998 - Maven_automation -INFO - user created
2023-01-22 23:56:39,680 - Maven_automation -INFO - Open e commercr URL
2023-01-22 23:56:42,857 - Maven_automation -INFO - Enter username
2023-01-22 23:56:45,953 - Maven_automation -INFO - Enter password
2023-01-22 23:56:49,713 - Maven_automation -INFO - Click on loginbutton
2023-01-22 23:56:50,027 - Maven_automation -INFO - login failed
2023-01-22 23:56:53,389 - Maven_automation -INFO - Open e commercr URL
2023-01-22 23:56:56,499 - Maven_automation -INFO - Enter username
2023-01-22 23:56:59,587 - Maven_automation -INFO - Enter password
2023-01-22 23:57:04,250 - Maven_automation -INFO - Click on loginbutton
2023-01-22 23:57:07,447 - Maven_automation -INFO - Mouseover on Computer
2023-01-22 23:57:09,507 - Maven_automation -INFO - click on Camera
2023-01-22 23:57:15,501 - Maven_automation -INFO - click on Nikon
2023-01-22 23:57:15,665 - Maven_automation -INFO - click on black nickon
2023-01-22 23:57:15,724 - Maven_automation -INFO - Added to cart
2023-01-22 23:57:16,451 - Maven_automation -INFO - success message display
2023-01-22 23:57:16,671 - Maven_automation -INFO - click on close tab
2023-01-22 23:59:53,526 - Maven_automation -INFO - user created
2023-01-23 00:00:08,492 - Maven_automation -INFO - Open e commercr URL
2023-01-23 00:00:11,667 - Maven_automation -INFO - Enter username
2023-01-23 00:00:14,772 - Maven_automation -INFO - Enter password
2023-01-23 00:00:19,093 - Maven_automation -INFO - Click on loginbutton
2023-01-23 00:00:19,404 - Maven_automation -INFO - login failed
2023-01-23 00:00:22,812 - Maven_automation -INFO - Open e commercr URL
2023-01-23 00:00:25,910 - Maven_automation -INFO - Enter username
2023-01-23 00:00:29,007 - Maven_automation -INFO - Enter password
2023-01-23 00:00:32,649 - Maven_automation -INFO - Click on loginbutton
2023-01-23 00:00:35,876 - Maven_automation -INFO - Mouseover on Computer
2023-01-23 00:00:37,109 - Maven_automation -INFO - click on Camera
2023-01-23 00:00:41,146 - Maven_automation -INFO - click on Nikon
2023-01-23 00:00:41,282 - Maven_automation -INFO - click on black nickon
2023-01-23 00:00:41,359 - Maven_automation -INFO - Added to cart
2023-01-23 00:00:42,064 - Maven_automation -INFO - success message display
2023-01-23 00:00:42,119 - Maven_automation -INFO - click on close tab
2023-01-23 21:04:06,796 - Maven_automation -INFO - user created
2023-01-24 06:33:21,177 - Maven_automation -INFO - user created
2023-01-24 06:40:48,123 - Maven_automation -INFO - Open e commercr URL
2023-01-24 06:40:51,300 - Maven_automation -INFO - Enter username
2023-01-24 06:40:54,393 - Maven_automation -INFO - Enter password
2023-01-24 06:40:58,566 - Maven_automation -INFO - Click on loginbutton
2023-01-24 06:40:58,961 - Maven_automation -INFO - login failed
2023-01-24 06:43:01,400 - Maven_automation -INFO - user created
2023-01-24 13:31:52,245 - Maven_automation -INFO - Open e commercr URL
2023-01-24 13:31:55,443 - Maven_automation -INFO - Enter username
2023-01-24 13:31:58,558 - Maven_automation -INFO - Enter password
2023-01-24 13:32:03,141 - Maven_automation -INFO - Click on loginbutton
2023-01-24 13:32:03,480 - Maven_automation -INFO - login failed
2023-01-24 13:32:05,545 - Maven_automation -INFO - Open e commercr URL
2023-01-24 13:32:08,674 - Maven_automation -INFO - Enter username
2023-01-24 13:32:11,775 - Maven_automation -INFO - Enter password
2023-01-24 13:32:17,757 - Maven_automation -INFO - Click on loginbutton
2023-01-24 13:32:20,909 - Maven_automation -INFO - Mouseover on Computer
2023-01-24 13:32:22,269 - Maven_automation -INFO - click on Camera
2023-01-24 13:32:23,975 - Maven_automation -INFO - click on Nikon
2023-01-24 13:32:24,084 - Maven_automation -INFO - click on black nickon
2023-01-24 13:32:24,137 - Maven_automation -INFO - Added to cart
2023-01-24 13:32:24,552 - Maven_automation -INFO - success message display
2023-01-24 13:32:24,737 - Maven_automation -INFO - click on close tab
2023-01-24 13:32:30,095 - Maven_automation -INFO - user created
